<?xml version="1.0" encoding="UTF-8"?>
<!-- Generated by org.testng.reporters.JUnitReportReporter -->
<testsuite hostname="LAPTOP-19FA8S7Q" failures="0" tests="2" name="test.Run" time="0.019" errors="0" timestamp="2025-09-04T15:58:51 IST" skipped="0">
  <testcase classname="test.Run" name="read" time="0.017"/>
  <testcase classname="test.Run" name="read" time="0.002"/>
</testsuite> <!-- test.Run -->
